# JRE version: OpenJDK Runtime Environment (17.0.6) (build 17.0.6+0-b2043.56-10027231)
# Java VM: OpenJDK 64-Bit Server VM (17.0.6+0-b2043.56-10027231, mixed mode, tiered, compressed oops, compressed class ptrs, g1 gc, windows-amd64)
GC Precious Log:
 CPUs: 8 total, 8 available
 Memory: 6030M
 Large Page Support: Disabled
 NUMA Support: Disabled
 Compressed Oops: Enabled (32-bit)
 Heap Region Size: 1M
 Heap Min Capacity: 8M
 Heap Initial Capacity: 96M
 Heap Max Capacity: 2G
 Pre-touch: Disabled
 Parallel Workers: 8
 Concurrent Workers: 2
 Concurrent Refinement Workers: 8
 Periodic GC: Disabled
Heap:
 garbage-first heap   total 348160K, used 186819K [0x0000000080000000, 0x0000000100000000)
  region size 1024K, 86 young (88064K), 2 survivors (2048K)
 Metaspace       used 102748K, committed 103552K, reserved 1138688K
  class space    used 13905K, committed 14272K, reserved 1048576K
GC Heap History (20 events):
Event: 30.257 GC heap before
{Heap before GC invocations=43 (full 0):
 garbage-first heap   total 144384K, used 112052K [0x0000000080000000, 0x0000000100000000)
  region size 1024K, 43 young (44032K), 1 survivors (1024K)
 Metaspace       used 84575K, committed 85248K, reserved 1122304K
  class space    used 11470K, committed 11776K, reserved 1048576K
}
Event: 30.273 GC heap after
{Heap after GC invocations=44 (full 0):
 garbage-first heap   total 144384K, used 70615K [0x0000000080000000, 0x0000000100000000)
  region size 1024K, 3 young (3072K), 3 survivors (3072K)
 Metaspace       used 84575K, committed 85248K, reserved 1122304K
  class space    used 11470K, committed 11776K, reserved 1048576K
}
Event: 32.278 GC heap before
{Heap before GC invocations=45 (full 0):
 garbage-first heap   total 144384K, used 113623K [0x0000000080000000, 0x0000000100000000)
  region size 1024K, 45 young (46080K), 3 survivors (3072K)
 Metaspace       used 88476K, committed 89152K, reserved 1130496K
  class space    used 12032K, committed 12352K, reserved 1048576K
}
Event: 32.284 GC heap after
{Heap after GC invocations=46 (full 0):
 garbage-first heap   total 144384K, used 74112K [0x0000000080000000, 0x0000000100000000)
  region size 1024K, 6 young (6144K), 6 survivors (6144K)
 Metaspace       used 88476K, committed 89152K, reserved 1130496K
  class space    used 12032K, committed 12352K, reserved 1048576K
}
Event: 32.329 GC heap before
{Heap before GC invocations=46 (full 0):
 garbage-first heap   total 144384K, used 75136K [0x0000000080000000, 0x0000000100000000)
  region size 1024K, 7 young (7168K), 6 survivors (6144K)
 Metaspace       used 88644K, committed 89280K, reserved 1130496K
  class space    used 12055K, committed 12352K, reserved 1048576K
}
Event: 32.337 GC heap after
{Heap after GC invocations=47 (full 0):
 garbage-first heap   total 144384K, used 74428K [0x0000000080000000, 0x0000000100000000)
  region size 1024K, 1 young (1024K), 1 survivors (1024K)
 Metaspace       used 88644K, committed 89280K, reserved 1130496K
  class space    used 12055K, committed 12352K, reserved 1048576K
}
Event: 33.850 GC heap before
{Heap before GC invocations=47 (full 0):
 garbage-first heap   total 144384K, used 115388K [0x0000000080000000, 0x0000000100000000)
  region size 1024K, 41 young (41984K), 1 survivors (1024K)
 Metaspace       used 93921K, committed 94592K, reserved 1130496K
  class space    used 12801K, committed 13120K, reserved 1048576K
}
Event: 33.855 GC heap after
{Heap after GC invocations=48 (full 0):
 garbage-first heap   total 144384K, used 77043K [0x0000000080000000, 0x0000000100000000)
  region size 1024K, 4 young (4096K), 4 survivors (4096K)
 Metaspace       used 93921K, committed 94592K, reserved 1130496K
  class space    used 12801K, committed 13120K, reserved 1048576K
}
Event: 35.263 GC heap before
{Heap before GC invocations=49 (full 0):
 garbage-first heap   total 144384K, used 115955K [0x0000000080000000, 0x0000000100000000)
  region size 1024K, 42 young (43008K), 4 survivors (4096K)
 Metaspace       used 95118K, committed 95744K, reserved 1138688K
  class space    used 12965K, committed 13248K, reserved 1048576K
}
Event: 35.274 GC heap after
{Heap after GC invocations=50 (full 0):
 garbage-first heap   total 144384K, used 82341K [0x0000000080000000, 0x0000000100000000)
  region size 1024K, 6 young (6144K), 6 survivors (6144K)
 Metaspace       used 95118K, committed 95744K, reserved 1138688K
  class space    used 12965K, committed 13248K, reserved 1048576K
}
Event: 35.289 GC heap before
{Heap before GC invocations=50 (full 0):
 garbage-first heap   total 144384K, used 83365K [0x0000000080000000, 0x0000000100000000)
  region size 1024K, 7 young (7168K), 6 survivors (6144K)
 Metaspace       used 95118K, committed 95744K, reserved 1138688K
  class space    used 12965K, committed 13248K, reserved 1048576K
}
Event: 35.294 GC heap after
{Heap after GC invocations=51 (full 0):
 garbage-first heap   total 144384K, used 82418K [0x0000000080000000, 0x0000000100000000)
  region size 1024K, 1 young (1024K), 1 survivors (1024K)
 Metaspace       used 95118K, committed 95744K, reserved 1138688K
  class space    used 12965K, committed 13248K, reserved 1048576K
}
Event: 35.955 GC heap before
{Heap before GC invocations=51 (full 0):
 garbage-first heap   total 144384K, used 116210K [0x0000000080000000, 0x0000000100000000)
  region size 1024K, 35 young (35840K), 1 survivors (1024K)
 Metaspace       used 96071K, committed 96768K, reserved 1138688K
  class space    used 13038K, committed 13376K, reserved 1048576K
}
Event: 35.965 GC heap after
{Heap after GC invocations=52 (full 0):
 garbage-first heap   total 144384K, used 89088K [0x0000000080000000, 0x0000000100000000)
  region size 1024K, 5 young (5120K), 5 survivors (5120K)
 Metaspace       used 96071K, committed 96768K, reserved 1138688K
  class space    used 13038K, committed 13376K, reserved 1048576K
}
Event: 37.282 GC heap before
{Heap before GC invocations=53 (full 0):
 garbage-first heap   total 153600K, used 117760K [0x0000000080000000, 0x0000000100000000)
  region size 1024K, 32 young (32768K), 5 survivors (5120K)
 Metaspace       used 99038K, committed 99712K, reserved 1138688K
  class space    used 13502K, committed 13824K, reserved 1048576K
}
Event: 37.293 GC heap after
{Heap after GC invocations=54 (full 0):
 garbage-first heap   total 153600K, used 92240K [0x0000000080000000, 0x0000000100000000)
  region size 1024K, 4 young (4096K), 4 survivors (4096K)
 Metaspace       used 99038K, committed 99712K, reserved 1138688K
  class space    used 13502K, committed 13824K, reserved 1048576K
}
Event: 37.353 GC heap before
{Heap before GC invocations=54 (full 0):
 garbage-first heap   total 153600K, used 95312K [0x0000000080000000, 0x0000000100000000)
  region size 1024K, 7 young (7168K), 4 survivors (4096K)
 Metaspace       used 99141K, committed 99840K, reserved 1138688K
  class space    used 13518K, committed 13888K, reserved 1048576K
}
Event: 37.359 GC heap after
{Heap after GC invocations=55 (full 0):
 garbage-first heap   total 153600K, used 92552K [0x0000000080000000, 0x0000000100000000)
  region size 1024K, 1 young (1024K), 1 survivors (1024K)
 Metaspace       used 99141K, committed 99840K, reserved 1138688K
  class space    used 13518K, committed 13888K, reserved 1048576K
}
Event: 38.428 GC heap before
{Heap before GC invocations=55 (full 0):
 garbage-first heap   total 153600K, used 124296K [0x0000000080000000, 0x0000000100000000)
  region size 1024K, 33 young (33792K), 1 survivors (1024K)
 Metaspace       used 99471K, committed 100160K, reserved 1138688K
  class space    used 13535K, committed 13888K, reserved 1048576K
}
Event: 38.436 GC heap after
{Heap after GC invocations=56 (full 0):
 garbage-first heap   total 348160K, used 93635K [0x0000000080000000, 0x0000000100000000)
  region size 1024K, 2 young (2048K), 2 survivors (2048K)
 Metaspace       used 99471K, committed 100160K, reserved 1138688K
  class space    used 13535K, committed 13888K, reserved 1048576K
}

